0 info it worked if it ends with ok
1 verbose cli [ '/Users/itech/.nvm/versions/node/v6.14.4/bin/node',
1 verbose cli   '/Users/itech/.nvm/versions/node/v6.14.4/bin/npm',
1 verbose cli   'start' ]
2 info using npm@3.10.10
3 info using node@v6.14.4
4 verbose run-script [ 'prestart', 'start', 'poststart' ]
5 info lifecycle uptimepm.com@0.1.0~prestart: uptimepm.com@0.1.0
6 silly lifecycle uptimepm.com@0.1.0~prestart: no script for prestart, continuing
7 info lifecycle uptimepm.com@0.1.0~start: uptimepm.com@0.1.0
8 verbose lifecycle uptimepm.com@0.1.0~start: unsafe-perm in lifecycle true
9 verbose lifecycle uptimepm.com@0.1.0~start: PATH: /Users/itech/.nvm/versions/node/v6.14.4/lib/node_modules/npm/bin/node-gyp-bin:/Volumes/Data/Projects/UptimePM/app.uptimepm.com/node_modules/.bin:/Users/itech/.nvm/versions/node/v6.14.4/bin:/usr/local/bin:/usr/bin:/bin:/usr/sbin:/sbin:/Applications/VMware Fusion.app/Contents/Public:/Volumes/TOOLS/AndroidSDK/tools:/Volumes/TOOLS/AndroidSDK/platform-tools:/Volumes/TOOLS/AndroidSDK/tools:/Volumes/TOOLS/AndroidSDK/platform-tools
10 verbose lifecycle uptimepm.com@0.1.0~start: CWD: /Volumes/Data/Projects/UptimePM/app.uptimepm.com
11 silly lifecycle uptimepm.com@0.1.0~start: Args: [ '-c', 'serve -l 3000 -s ./build' ]
12 info lifecycle uptimepm.com@0.1.0~start: Failed to exec start script
13 verbose stack Error: uptimepm.com@0.1.0 start: `serve -l 3000 -s ./build`
13 verbose stack spawn ENOENT
13 verbose stack     at ChildProcess.<anonymous> (/Users/itech/.nvm/versions/node/v6.14.4/lib/node_modules/npm/lib/utils/spawn.js:33:16)
13 verbose stack     at emitTwo (events.js:106:13)
13 verbose stack     at ChildProcess.emit (events.js:191:7)
13 verbose stack     at maybeClose (internal/child_process.js:920:16)
13 verbose stack     at Process.ChildProcess._handle.onexit (internal/child_process.js:230:5)
14 verbose pkgid uptimepm.com@0.1.0
15 verbose cwd /Volumes/Data/Projects/UptimePM/app.uptimepm.com
16 error Darwin 17.7.0
17 error argv "/Users/itech/.nvm/versions/node/v6.14.4/bin/node" "/Users/itech/.nvm/versions/node/v6.14.4/bin/npm" "start"
18 error node v6.14.4
19 error npm  v3.10.10
20 error file sh
21 error code ELIFECYCLE
22 error errno ENOENT
23 error syscall spawn
24 error uptimepm.com@0.1.0 start: `serve -l 3000 -s ./build`
24 error spawn ENOENT
25 error Failed at the uptimepm.com@0.1.0 start script 'serve -l 3000 -s ./build'.
25 error Make sure you have the latest version of node.js and npm installed.
25 error If you do, this is most likely a problem with the uptimepm.com package,
25 error not with npm itself.
25 error Tell the author that this fails on your system:
25 error     serve -l 3000 -s ./build
25 error You can get information on how to open an issue for this project with:
25 error     npm bugs uptimepm.com
25 error Or if that isn't available, you can get their info via:
25 error     npm owner ls uptimepm.com
25 error There is likely additional logging output above.
26 verbose exit [ 1, true ]
